<?xml version="1.0" encoding="UTF-8"?>
<testng-results ignored="0" total="1" passed="1" failed="0" skipped="0">
  <reporter-output>
  </reporter-output>
  <suite started-at="2025-03-19T16:41:14 IST" name="Default suite" finished-at="2025-03-19T16:42:12 IST" duration-ms="58226">
    <groups>
    </groups>
    <test started-at="2025-03-19T16:41:14 IST" name="Default test" finished-at="2025-03-19T16:42:12 IST" duration-ms="58226">
      <class name="basics.Alert">
        <test-method signature="alert()[pri:0, instance:basics.Alert@6c40365c]" started-at="2025-03-19T16:41:14 IST" name="alert" finished-at="2025-03-19T16:42:12 IST" duration-ms="58163" status="PASS">
          <reporter-output>
          </reporter-output>
        </test-method> <!-- alert -->
      </class> <!-- basics.Alert -->
    </test> <!-- Default test -->
  </suite> <!-- Default suite -->
</testng-results>
